<?xml version="1.0" encoding="UTF-8"?>
<testsuite xmlns:xsi="http://www.w3.org/2001/XMLSchema-instance" xsi:noNamespaceSchemaLocation="https://maven.apache.org/surefire/maven-surefire-plugin/xsd/surefire-test-report.xsd" version="3.0.2" name="dev.al.Deni_intern.DeniInternApplicationTests" time="3.883" tests="1" errors="0" skipped="0" failures="0">
  <properties>
[...]
</properties>
  <testcase name="contextLoads" classname="dev.al.Deni_intern.DeniInternApplicationTests" time="1.019">
    <system-out><![CDATA[04:49:50.813 [main] INFO org.springframework.test.context.support.AnnotationConfigContextLoaderUtils -- Could not detect default configuration classes for test class [dev.al.Deni_intern.DeniInternApplicationTests]: DeniInternApplicationTests does not declare any static, non-private, non-final, nested classes annotated with @Configuration.
04:49:51.023 [main] INFO org.springframework.boot.test.context.SpringBootTestContextBootstrapper -- Found @SpringBootConfiguration dev.al.Deni_intern.DeniInternApplication for test class dev.al.Deni_intern.DeniInternApplicationTests

  .   ____          _            __ _ _
 /\\ / ___'_ __ _ _(_)_ __  __ _ \ \ \ \
( ( )\___ | '_ | '_| | '_ \/ _` | \ \ \ \
 \\/  ___)| |_)| | | | | || (_| |  ) ) ) )
  '  |____| .__|_| |_|_| |_\__, | / / / /
 =========|_|==============|___/=/_/_/_/

 :: Spring Boot ::                (v3.5.8)

2025-12-02T04:49:51.743+01:00  INFO 73385 --- [Deni_intern] [           main] d.a.D.DeniInternApplicationTests         : Starting DeniInternApplicationTests using Java 23.0.1 with PID 73385 (started by crs in /Users/crs/Desktop/Deni_intern)
2025-12-02T04:49:51.745+01:00  INFO 73385 --- [Deni_intern] [           main] d.a.D.DeniInternApplicationTests         : No active profile set, falling back to 1 default profile: "default"
2025-12-02T04:49:53.412+01:00  INFO 73385 --- [Deni_intern] [           main] d.a.D.DeniInternApplicationTests         : Started DeniInternApplicationTests in 2.141 seconds (process running for 3.659)
]]></system-out>
    <system-err><![CDATA[Mockito is currently self-attaching to enable the inline-mock-maker. This will no longer work in future releases of the JDK. Please add Mockito as an agent to your build as described in Mockito's documentation: https://javadoc.io/doc/org.mockito/mockito-core/latest/org.mockito/org/mockito/Mockito.html#0.3
WARNING: A Java agent has been loaded dynamically (/Users/crs/.m2/repository/net/bytebuddy/byte-buddy-agent/1.17.8/byte-buddy-agent-1.17.8.jar)
WARNING: If a serviceability tool is in use, please run with -XX:+EnableDynamicAgentLoading to hide this warning
WARNING: If a serviceability tool is not in use, please run with -Djdk.instrument.traceUsage for more information
WARNING: Dynamic loading of agents will be disallowed by default in a future release
]]></system-err>
  </testcase>
</testsuite>